This is pdfTeX, Version 3.141592653-2.6-1.40.25 (TeX Live 2023/Debian) (preloaded format=pdflatex 2025.10.22)  22 OCT 2025 14:30
entering extended mode
 restricted \write18 enabled.
 file:line:error style messages enabled.
 %&-line parsing enabled.
**/var/www/html/C/cursos/calculo/TrabajoCalculo/main.tex
(/var/www/html/C/cursos/calculo/TrabajoCalculo/main.tex
LaTeX2e <2023-11-01> patch level 1
L3 programming layer <2024-01-22>
(/usr/share/texlive/texmf-dist/tex/latex/base/article.cls
Document Class: article 2023/05/17 v1.4n Standard LaTeX document class
(/usr/share/texlive/texmf-dist/tex/latex/base/size11.clo
File: size11.clo 2023/05/17 v1.4n Standard LaTeX file (size option)
)
\c@part=\count187
\c@section=\count188
\c@subsection=\count189
\c@subsubsection=\count190
\c@paragraph=\count191
\c@subparagraph=\count192
\c@figure=\count193
\c@table=\count194
\abovecaptionskip=\skip48
\belowcaptionskip=\skip49
\bibindent=\dimen140
) (/usr/share/texlive/texmf-dist/tex/latex/geometry/geometry.sty
Package: geometry 2020/01/02 v5.9 Page Geometry
 (/usr/share/texlive/texmf-dist/tex/latex/graphics/keyval.sty
Package: keyval 2022/05/29 v1.15 key=value parser (DPC)
\KV@toks@=\toks17
) (/usr/share/texlive/texmf-dist/tex/generic/iftex/ifvtex.sty
Package: ifvtex 2019/10/25 v1.7 ifvtex legacy package. Use iftex instead.
 (/usr/share/texlive/texmf-dist/tex/generic/iftex/iftex.sty
Package: iftex 2022/02/03 v1.0f TeX engine tests
))
\Gm@cnth=\count195
\Gm@cntv=\count196
\c@Gm@tempcnt=\count197
\Gm@bindingoffset=\dimen141
\Gm@wd@mp=\dimen142
\Gm@odd@mp=\dimen143
\Gm@even@mp=\dimen144
\Gm@layoutwidth=\dimen145
\Gm@layoutheight=\dimen146
\Gm@layouthoffset=\dimen147
\Gm@layoutvoffset=\dimen148
\Gm@dimlist=\toks18
) (/usr/share/texlive/texmf-dist/tex/latex/titling/titling.sty
Package: titling 2009/09/04 v2.1d maketitle typesetting
\thanksmarkwidth=\skip50
\thanksmargin=\skip51
\droptitle=\skip52
) (/usr/share/texlive/texmf-dist/tex/latex/amsmath/amsmath.sty
Package: amsmath 2023/05/13 v2.17o AMS math features
\@mathmargin=\skip53

For additional information on amsmath, use the `?' option.
(/usr/share/texlive/texmf-dist/tex/latex/amsmath/amstext.sty
Package: amstext 2021/08/26 v2.01 AMS text
 (/usr/share/texlive/texmf-dist/tex/latex/amsmath/amsgen.sty
File: amsgen.sty 1999/11/30 v2.0 generic functions
\@emptytoks=\toks19
\ex@=\dimen149
)) (/usr/share/texlive/texmf-dist/tex/latex/amsmath/amsbsy.sty
Package: amsbsy 1999/11/29 v1.2d Bold Symbols
\pmbraise@=\dimen150
) (/usr/share/texlive/texmf-dist/tex/latex/amsmath/amsopn.sty
Package: amsopn 2022/04/08 v2.04 operator names
)
\inf@bad=\count198
LaTeX Info: Redefining \frac on input line 234.
\uproot@=\count199
\leftroot@=\count266
LaTeX Info: Redefining \overline on input line 399.
LaTeX Info: Redefining \colon on input line 410.
\classnum@=\count267
\DOTSCASE@=\count268
LaTeX Info: Redefining \ldots on input line 496.
LaTeX Info: Redefining \dots on input line 499.
LaTeX Info: Redefining \cdots on input line 620.
\Mathstrutbox@=\box51
\strutbox@=\box52
LaTeX Info: Redefining \big on input line 722.
LaTeX Info: Redefining \Big on input line 723.
LaTeX Info: Redefining \bigg on input line 724.
LaTeX Info: Redefining \Bigg on input line 725.
\big@size=\dimen151
LaTeX Font Info:    Redeclaring font encoding OML on input line 743.
LaTeX Font Info:    Redeclaring font encoding OMS on input line 744.
\macc@depth=\count269
LaTeX Info: Redefining \bmod on input line 905.
LaTeX Info: Redefining \pmod on input line 910.
LaTeX Info: Redefining \smash on input line 940.
LaTeX Info: Redefining \relbar on input line 970.
LaTeX Info: Redefining \Relbar on input line 971.
\c@MaxMatrixCols=\count270
\dotsspace@=\muskip16
\c@parentequation=\count271
\dspbrk@lvl=\count272
\tag@help=\toks20
\row@=\count273
\column@=\count274
\maxfields@=\count275
\andhelp@=\toks21
\eqnshift@=\dimen152
\alignsep@=\dimen153
\tagshift@=\dimen154
\tagwidth@=\dimen155
\totwidth@=\dimen156
\lineht@=\dimen157
\@envbody=\toks22
\multlinegap=\skip54
\multlinetaggap=\skip55
\mathdisplay@stack=\toks23
LaTeX Info: Redefining \[ on input line 2953.
LaTeX Info: Redefining \] on input line 2954.
) (/usr/share/texlive/texmf-dist/tex/latex/enumitem/enumitem.sty
Package: enumitem 2019/06/20 v3.9 Customized lists
\labelindent=\skip56
\enit@outerparindent=\dimen158
\enit@toks=\toks24
\enit@inbox=\box53
\enit@count@id=\count276
\enitdp@description=\count277
) (/usr/share/texlive/texmf-dist/tex/latex/amsfonts/amssymb.sty
Package: amssymb 2013/01/14 v3.01 AMS font symbols
 (/usr/share/texlive/texmf-dist/tex/latex/amsfonts/amsfonts.sty
Package: amsfonts 2013/01/14 v3.01 Basic AMSFonts support
\symAMSa=\mathgroup4
\symAMSb=\mathgroup5
LaTeX Font Info:    Redeclaring math symbol \hbar on input line 98.
LaTeX Font Info:    Overwriting math alphabet `\mathfrak' in version `bold'
(Font)                  U/euf/m/n --> U/euf/b/n on input line 106.
)) (/usr/share/texlive/texmf-dist/tex/latex/l3backend/l3backend-pdftex.def
File: l3backend-pdftex.def 2024-01-04 L3 backend support: PDF output (pdfTeX)
\l__color_backend_stack_int=\count278
\l__pdf_internal_box=\box54
) (./main.aux)
\openout1 = `main.aux'.

LaTeX Font Info:    Checking defaults for OML/cmm/m/it on input line 20.
LaTeX Font Info:    ... okay on input line 20.
LaTeX Font Info:    Checking defaults for OMS/cmsy/m/n on input line 20.
LaTeX Font Info:    ... okay on input line 20.
LaTeX Font Info:    Checking defaults for OT1/cmr/m/n on input line 20.
LaTeX Font Info:    ... okay on input line 20.
LaTeX Font Info:    Checking defaults for T1/cmr/m/n on input line 20.
LaTeX Font Info:    ... okay on input line 20.
LaTeX Font Info:    Checking defaults for TS1/cmr/m/n on input line 20.
LaTeX Font Info:    ... okay on input line 20.
LaTeX Font Info:    Checking defaults for OMX/cmex/m/n on input line 20.
LaTeX Font Info:    ... okay on input line 20.
LaTeX Font Info:    Checking defaults for U/cmr/m/n on input line 20.
LaTeX Font Info:    ... okay on input line 20.

*geometry* driver: auto-detecting
*geometry* detected driver: pdftex
*geometry* verbose mode - [ preamble ] result:
* driver: pdftex
* paper: a4paper
* layout: <same size as paper>
* layoutoffset:(h,v)=(0.0pt,0.0pt)
* modes: 
* h-part:(L,W,R)=(99.58464pt, 398.3386pt, 99.58464pt)
* v-part:(T,H,B)=(99.58464pt, 645.87756pt, 99.58464pt)
* \paperwidth=597.50787pt
* \paperheight=845.04684pt
* \textwidth=398.3386pt
* \textheight=645.87756pt
* \oddsidemargin=27.31465pt
* \evensidemargin=27.31465pt
* \topmargin=-9.68535pt
* \headheight=12.0pt
* \headsep=25.0pt
* \topskip=11.0pt
* \footskip=30.0pt
* \marginparwidth=59.0pt
* \marginparsep=10.0pt
* \columnsep=10.0pt
* \skip\footins=10.0pt plus 4.0pt minus 2.0pt
* \hoffset=0.0pt
* \voffset=0.0pt
* \mag=1000
* \@twocolumnfalse
* \@twosidefalse
* \@mparswitchfalse
* \@reversemarginfalse
* (1in=72.27pt=25.4mm, 1cm=28.453pt)

[1

{/var/lib/texmf/fonts/map/pdftex/updmap/pdftex.map}] (./I/1er.tex
LaTeX Font Info:    Trying to load font information for U+msa on input line 1.
 (/usr/share/texlive/texmf-dist/tex/latex/amsfonts/umsa.fd
File: umsa.fd 2013/01/14 v3.01 AMS symbols A
)
LaTeX Font Info:    Trying to load font information for U+msb on input line 1.
 (/usr/share/texlive/texmf-dist/tex/latex/amsfonts/umsb.fd
File: umsb.fd 2013/01/14 v3.01 AMS symbols B
)) (./I/2do.tex) (./I/3ro.tex [1]
Overfull \hbox (13.2299pt too wide) in paragraph at lines 61--62
\OT1/cmr/m/n/10.95 poli-nomios, ex-po-nen-ciales, log-a-r-it-mos, po-ten-cias y fun-ciones trigonom^^Setricas
 []

[2]) (./I/4to.tex) [3{/usr/share/texmf/fonts/enc/dvips/cm-super/cm-super-ts1.enc}] (./I/5to.tex) (./I/6to.tex [4]) (./I/7mo.tex) (./I/8vo.tex [5]) (./I/9no.tex [6]) (./I/10mo.tex [7]) (./II/11vo.tex) (./II/12vo.tex [8]) (./II/13vo.tex) (./II/14vo.tex [9]) (./II/15vo.tex) (./II/16vo.tex [10]) (./II/17vo.tex [11]) (./II/18vo.tex) (./II/19vo.tex [12]) (./II/20vo.tex [13]
Overfull \hbox (40.93213pt too wide) detected at line 25
[]
 []

) (./III/21vo.tex [14]) (./III/22vo.tex [15]) (./III/23vo.tex
Overfull \hbox (6.22353pt too wide) detected at line 39
[]
 []

[16]
Overfull \hbox (90.10486pt too wide) detected at line 56
[]
 []

[17]) (./III/24vo.tex
Overfull \hbox (13.63647pt too wide) detected at line 27
[] [] \OML/cmm/m/it/10.95 u dv \OT1/cmr/m/n/10.95 = \OML/cmm/m/it/10.95 uv \OMS/cmsy/m/n/10.95 ^^@ [] \OML/cmm/m/it/10.95 v du;  dv \OT1/cmr/m/n/10.95 = e[] \OML/cmm/m/it/10.95 du \OMS/cmsy/m/n/10.95 ) \OML/cmm/m/it/10.95 v \OT1/cmr/m/n/10.95 = e[]\OML/cmm/m/it/10.95 :
 []

) (./III/25vo.tex
Overfull \hbox (27.41727pt too wide) detected at line 33
[][]
 []

[18]) (./III/26vo.tex
Overfull \hbox (15.51234pt too wide) detected at line 34
[][]
 []

[19]) (./III/27vo.tex
Overfull \hbox (99.48383pt too wide) detected at line 37
[][]
 []

[20]) (./III/28vo.tex
Overfull \hbox (80.59135pt too wide) detected at line 30
[][]
 []

[21]) (./III/29vo.tex [22]) (./III/30vo.tex
Overfull \hbox (69.94165pt too wide) detected at line 44
[]
 []

[23] [24]) (./IV/31vo.tex
Overfull \hbox (65.2475pt too wide) detected at line 33
[][]
 []

[25]) (./IV/32vo.tex) (./IV/33vo.tex) (./IV/34vo.tex [26]) (./IV/35vo.tex
Overfull \hbox (71.67278pt too wide) detected at line 30
[][]
 []


Overfull \hbox (53.34892pt too wide) detected at line 58
[][]
 []

[27]
Overfull \hbox (56.14404pt too wide) detected at line 75
[][]
 []


Overfull \hbox (57.67506pt too wide) detected at line 94
[]
 []

) (./IV/36vo.tex
Overfull \hbox (12.63666pt too wide) detected at line 22
[]\OML/cmm/m/it/10.95 t \OT1/cmr/m/n/10.95 : [] [][](5\OML/cmm/m/it/10.95 x\OT1/cmr/m/n/10.95 ) [][](5\OML/cmm/m/it/10.95 x\OT1/cmr/m/n/10.95 ) \OML/cmm/m/it/10.95 dx \OT1/cmr/m/n/10.95 = [](1 \OMS/cmsy/m/n/10.95 ^^@ \OML/cmm/m/it/10.95 t[]\OT1/cmr/m/n/10.95 )[]\OML/cmm/m/it/10.95 t[] [] \OT1/cmr/m/n/10.95 = \OMS/cmsy/m/n/10.95 ^^@[] [] \OML/cmm/m/it/10.95 t[]\OT1/cmr/m/n/10.95 (1 \OMS/cmsy/m/n/10.95 ^^@ \OML/cmm/m/it/10.95 t[]\OT1/cmr/m/n/10.95 )[]\OML/cmm/m/it/10.95 dt
 []

[28]) (./IV/37vo.tex) (./IV/38vo.tex
Overfull \hbox (7.48224pt too wide) detected at line 27
[][]
 []

[29]) (./IV/39vo.tex) (./IV/40vo.tex
Overfull \hbox (18.7104pt too wide) detected at line 6
[] [] \OML/cmm/m/it/10.95 x [] x \OT1/cmr/m/n/10.95 = [] = []\OML/cmm/m/it/10.95 ;  [][] x [][] x \OT1/cmr/m/n/10.95 = []
 []

[30]) (./V/41vo.tex [31]) (./V/42vo.tex
Overfull \hbox (39.212pt too wide) detected at line 20
[][]
 []

[32]) (./V/43vo.tex
Overfull \hbox (16.4259pt too wide) detected at line 24
[]
 []

) (./V/44vo.tex
Overfull \hbox (20.62604pt too wide) detected at line 22
[]
 []

[33]) (./V/45vo.tex
Overfull \hbox (0.42764pt too wide) detected at line 25
[][]
 []

) (./V/46vo.tex
Overfull \hbox (38.79102pt too wide) detected at line 21
[][]
 []

[34]) (./V/47vo.tex
Overfull \hbox (55.5333pt too wide) detected at line 24
[][]
 []

) (./V/48vo.tex [35]) (./V/49vo.tex
Overfull \hbox (34.95366pt too wide) detected at line 27
[]  [] [] \OML/cmm/m/it/10.95 dv \OT1/cmr/m/n/10.95 = []\OML/cmm/m/it/10.95 ;  [] [] \OT1/cmr/m/n/10.95 = [] \OMS/cmsy/m/n/10.95 j\OML/cmm/m/it/10.95 v \OT1/cmr/m/n/10.95 + []\OMS/cmsy/m/n/10.95 j \OT1/cmr/m/n/10.95 + \OML/cmm/m/it/10.95 C:
 []

) (./V/50vo.tex) (./VI/41vo.tex [36]) (./VI/42vo.tex [37]) (./VI/43vo.tex [38]) (./VI/44vo.tex [39]) (./VI/45vo.tex
Overfull \hbox (22.33536pt too wide) detected at line 12
[][] \OT1/cmr/m/n/10.95 = [] + [] + []
 []


Overfull \hbox (31.32802pt too wide) detected at line 30
[] [] [] \OML/cmm/m/it/10.95 dx \OT1/cmr/m/n/10.95 = [] []\OML/cmm/m/it/10.95 dx \OT1/cmr/m/n/10.95 + [] []\OML/cmm/m/it/10.95 dx \OT1/cmr/m/n/10.95 + [] []\OML/cmm/m/it/10.95 dx
 []

) (./VI/46vo.tex [40]
Overfull \hbox (52.06027pt too wide) detected at line 26
[] [] \OML/cmm/m/it/10.95 du \OT1/cmr/m/n/10.95 = [] [] \OML/cmm/m/it/10.95 du \OMS/cmsy/m/n/10.95 ^^@ \OT1/cmr/m/n/10.95 2 [] [] \OML/cmm/m/it/10.95 du \OT1/cmr/m/n/10.95 = [] [] \OML/cmm/m/it/10.95 du \OMS/cmsy/m/n/10.95 ^^@ \OT1/cmr/m/n/10.95 2 [] [] \OML/cmm/m/it/10.95 du:
 []


Overfull \hbox (3.26828pt too wide) detected at line 43
[] [] \OML/cmm/m/it/10.95 dx \OT1/cmr/m/n/10.95 = [](\OML/cmm/m/it/10.95 u\OT1/cmr/m/n/10.95 ) + [] + \OML/cmm/m/it/10.95 C \OT1/cmr/m/n/10.95 = [](\OML/cmm/m/it/10.95 x \OT1/cmr/m/n/10.95 + 1) + [] + \OML/cmm/m/it/10.95 C:
 []

) (./VI/47vo.tex
Overfull \hbox (90.01729pt too wide) detected at line 14
[][] \OT1/cmr/m/n/10.95 = [] + []
 []


Overfull \hbox (18.47807pt too wide) detected at line 21
[] [] [] \OML/cmm/m/it/10.95 dx \OT1/cmr/m/n/10.95 = [] []\OML/cmm/m/it/10.95 x \OMS/cmsy/m/n/10.95 ^^@ [] \OT1/cmr/m/n/10.95 + [][]\OML/cmm/m/it/10.95 dx \OT1/cmr/m/n/10.95 + [] []\OML/cmm/m/it/10.95 dx
 []


Overfull \hbox (28.06029pt too wide) detected at line 32
[]\OML/cmm/m/it/10.95 x[] \OT1/cmr/m/n/10.95 + 2\OML/cmm/m/it/10.95 x \OT1/cmr/m/n/10.95 + 2 = (\OML/cmm/m/it/10.95 x \OT1/cmr/m/n/10.95 + 1)[] + 1
 []


Overfull \hbox (66.1022pt too wide) detected at line 38
[] []\OML/cmm/m/it/10.95 dx \OT1/cmr/m/n/10.95 = 2 [](\OML/cmm/m/it/10.95 x[] \OT1/cmr/m/n/10.95 + 2\OML/cmm/m/it/10.95 x \OT1/cmr/m/n/10.95 + 2) \OMS/cmsy/m/n/10.95 ^^@ \OT1/cmr/m/n/10.95 2 [](\OML/cmm/m/it/10.95 x \OT1/cmr/m/n/10.95 + 1) []
 []


Overfull \hbox (36.43233pt too wide) detected at line 49
[]
 []

[41]) (./VI/48vo.tex) (./VI/49vo.tex [42]) (./VI/50vo.tex [43]
Overfull \hbox (0.74268pt too wide) detected at line 67
[]
 []

) (./ejercicios/ejer.tex [44] [45] [46]) [47] (./main.aux)
 ***********
LaTeX2e <2023-11-01> patch level 1
L3 programming layer <2024-01-22>
 ***********
 ) 
Here is how much of TeX's memory you used:
 3085 strings out of 474222
 45577 string characters out of 5748732
 1949975 words of memory out of 5000000
 25165 multiletter control sequences out of 15000+600000
 566195 words of font info for 65 fonts, out of 8000000 for 9000
 1141 hyphenation exceptions out of 8191
 57i,16n,65p,517b,473s stack positions out of 10000i,1000n,20000p,200000b,200000s
</usr/share/texlive/texmf-dist/fonts/type1/public/amsfonts/cm/cmbx10.pfb></usr/share/texlive/texmf-dist/fonts/type1/public/amsfonts/cm/cmbx12.pfb></usr/share/texlive/texmf-dist/fonts/type1/public/amsfonts/cm/cmbx6.pfb></usr/share/texlive/texmf-dist/fonts/type1/public/amsfonts/cm/cmbx8.pfb></usr/share/texlive/texmf-dist/fonts/type1/public/amsfonts/cm/cmex10.pfb></usr/share/texlive/texmf-dist/fonts/type1/public/amsfonts/cm/cmmi10.pfb></usr/share/texlive/texmf-dist/fonts/type1/public/amsfonts/cm/cmmi6.pfb></usr/share/texlive/texmf-dist/fonts/type1/public/amsfonts/cm/cmmi8.pfb></usr/share/texlive/texmf-dist/fonts/type1/public/amsfonts/cm/cmr10.pfb></usr/share/texlive/texmf-dist/fonts/type1/public/amsfonts/cm/cmr12.pfb></usr/share/texlive/texmf-dist/fonts/type1/public/amsfonts/cm/cmr6.pfb></usr/share/texlive/texmf-dist/fonts/type1/public/amsfonts/cm/cmr8.pfb></usr/share/texlive/texmf-dist/fonts/type1/public/amsfonts/cm/cmsl10.pfb></usr/share/texlive/texmf-dist/fonts/type1/public/amsfonts/cm/cmsy10.pfb></usr/share/texlive/texmf-dist/fonts/type1/public/amsfonts/cm/cmsy8.pfb></usr/share/texlive/texmf-dist/fonts/type1/public/amsfonts/cm/cmti10.pfb></usr/share/texlive/texmf-dist/fonts/type1/public/amsfonts/symbols/msam10.pfb></usr/share/texmf/fonts/type1/public/cm-super/sfrm1095.pfb>
Output written on main.pdf (48 pages, 313535 bytes).
PDF statistics:
 251 PDF objects out of 1000 (max. 8388607)
 163 compressed objects within 2 object streams
 0 named destinations out of 1000 (max. 500000)
 1 words of extra memory for PDF output out of 10000 (max. 10000000)

